<<<<<<< HEAD
<<<<<<< HEAD
No Text{"ok":true,"result":{"message_id":4642,"from":{"id":448907482,"first_name":"Apple Wilder","username":"MyIceTea_Bot"},"chat":{"id":-1001128531173,"title":"LTM Group 2","type":"supergroup"},"date":1501420938,"reply_to_message":{"message_id":4629,"from":{"id":243692601,"first_name":"Ammar","last_name":"F","username":"ammarfaizi2","language_code":"en-US"},"chat":{"id":-1001128531173,"title":"LTM Group 2","type":"supergroup"},"date":1501420446,"photo":[{"file_id":"AgADBQADxqcxG2798FfCMxMkCtY5KqIgzDIABB3YiA7MtNv78v4AAgI","file_size":1664,"width":90,"height":67},{"file_id":"AgADBQADxqcxG2798FfCMxMkCtY5KqIgzDIABKGWfe2WzBYT8_4AAgI","file_size":14366,"width":320,"height":240}]},"text":"Media ini telah disimpan dengan judul #tengkleng\n\nhttps://webhooks.redangel.ga/assets/images/db0e5f981b0a42be503598963c3b81c91fc93150.jpg","entities":[{"type":"hashtag","offset":38,"length":10},{"type":"url","offset":50,"length":87}]}}PHP Notice:  Undefined variable: a in /home/web/bot/Bot/telegram/Traits/Command.php on line 67
No TextPHP Notice:  Undefined variable: a in /home/web/bot/Bot/telegram/Traits/Command.php on line 67
{"ok":true,"result":{"message_id":4651,"from":{"id":448907482,"first_name":"Apple Wilder","username":"MyIceTea_Bot"},"chat":{"id":-1001128531173,"title":"LTM Group 2","type":"supergroup"},"date":1501421939,"text":"Apple Wilder (@MyIceTea_Bot) has been warned! (1/3)","entities":[{"type":"mention","offset":14,"length":13},{"type":"bold","offset":29,"length":16},{"type":"bold","offset":47,"length":3}]}}No TextPHP Notice:  Undefined variable: a in /home/web/bot/Bot/telegram/Traits/Command.php on line 67
{"ok":true,"result":true}{"ok":true,"result":true}{"ok":true,"result":true}{"ok":true,"result":true}{"ok":true,"result":true}{"ok":true,"result":true}{"ok":true,"result":true}{"ok":true,"result":true}{"ok":true,"result":true}{"ok":true,"result":true}{"ok":true,"result":true}{"ok":true,"result":true}{"ok":true,"result":true}{"ok":true,"result":true}{"ok":true,"result":true}{"ok":true,"result":true}{"ok":true,"result":true}{"ok":true,"result":true}{"ok":true,"result":true}{"ok":true,"result":true}{"ok":true,"result":true}{"ok":true,"result":true}{"ok":true,"result":true}{"ok":true,"result":true}{"ok":true,"result":true}{"ok":true,"result":true}{"ok":true,"result":true}{"ok":true,"result":true}{"ok":true,"result":true}{"ok":true,"result":true}{"ok":true,"result":true}{"ok":true,"result":true}{"ok":true,"result":true}{"ok":true,"result":true}{"ok":true,"result":true}{"ok":true,"result":true}{"ok":true,"result":true}{"ok":true,"result":true}{"ok":true,"result":true}{"ok":true,"result":true}{"ok":true,"result":true}{"ok":true,"result":true}No TextPHP Notice:  Undefined variable: a in /home/web/bot/Bot/telegram/Traits/Command.php on line 67
No TextNo TextPHP Notice:  Undefined variable: a in /home/web/bot/Bot/telegram/Traits/Command.php on line 67
No TextPHP Notice:  Undefined variable: a in /home/web/bot/Bot/telegram/Traits/Command.php on line 67
No TextPHP Notice:  Undefined variable: a in /home/web/bot/Bot/telegram/Traits/Command.php on line 67
No TextNo TextNo TextNo TextNo TextNo TextNo TextNo TextNo TextNo TextNo TextNo TextNo TextNo TextNo TextNo TextPHP Notice:  Undefined variable: a in /home/web/bot/Bot/telegram/Traits/Command.php on line 67
No TextNo TextNo Text{"ok":false,"error_code":400,"description":"Bad Request: message can't be deleted"}{"ok":false,"error_code":400,"description":"Bad Request: message can't be deleted"}{"ok":true,"result":true}{"ok":true,"result":true}{"ok":true,"result":true}{"ok":true,"result":true}{"ok":true,"result":true}{"ok":true,"result":true}{"ok":true,"result":true}{"ok":true,"result":true}{"ok":true,"result":true}{"ok":true,"result":true}{"ok":true,"result":true}{"ok":true,"result":true}{"ok":true,"result":true}{"ok":true,"result":true}{"ok":true,"result":true}{"ok":true,"result":true}{"ok":true,"result":true}{"ok":true,"result":true}{"ok":true,"result":true}{"ok":true,"result":true}{"ok":true,"result":true}{"ok":true,"result":true}{"ok":true,"result":true}{"ok":true,"result":true}{"ok":true,"result":true}{"ok":true,"result":true}{"ok":true,"result":true}{"ok":true,"result":true}{"ok":true,"result":true}{"ok":true,"result":true}{"ok":true,"result":true}{"ok":true,"result":true}{"ok":true,"result":true}{"ok":true,"result":true}{"ok":true,"result":true}{"ok":true,"result":true}No TextNo Text{"ok":true,"result":true}{"ok":false,"error_code":400,"description":"Bad Request: message can't be deleted"}{"ok":true,"result":{"message_id":4823,"from":{"id":448907482,"first_name":"Apple Wilder","username":"MyIceTea_Bot"},"chat":{"id":-1001128531173,"title":"LTM Group 2","type":"supergroup"},"date":1501453574,"text":"Apple Wilder (@MyIceTea_Bot) has been warned! (2/3)","entities":[{"type":"mention","offset":14,"length":13},{"type":"bold","offset":29,"length":16},{"type":"bold","offset":47,"length":3}]}}{"ok":true,"result":{"message_id":4825,"from":{"id":448907482,"first_name":"Apple Wilder","username":"MyIceTea_Bot"},"chat":{"id":-1001128531173,"title":"LTM Group 2","type":"supergroup"},"date":1501453585,"text":"Apple Wilder (@MyIceTea_Bot) banned : reached the max number of warnings (3/3)","entities":[{"type":"mention","offset":14,"length":13},{"type":"bold","offset":29,"length":6},{"type":"bold","offset":74,"length":3}]}}No TextPHP Notice:  Undefined variable: a in /home/web/bot/Bot/telegram/Traits/Command.php on line 67
No TextPHP Notice:  Undefined variable: a in /home/web/bot/Bot/telegram/Traits/Command.php on line 67
No TextNo TextNo TextNo TextNo TextNo TextNo TextNo Text
=======










>>>>>>> b843a9c8c45a0ac7c058d2267cb745d4a5add2ab
=======
{"ok":false,"error_code":400,"description":"Bad Request: message to delete not found"}string(88) "SQLSTATE[HY000] [1045] Access denied for user 'icetea'@'localhost' (using password: YES)"
PHP Notice:  Undefined property: Sys\DB::$pdo in /home/redangel/public_html/btrm/src/Sys/DB.php on line 701

Notice: Undefined property: Sys\DB::$pdo in /home/redangel/public_html/btrm/src/Sys/DB.php on line 701
PHP Fatal error:  Uncaught Error: Call to a member function prepare() on null in /home/redangel/public_html/btrm/src/Bot/Telegram/Bot.php:202
Stack trace:
#0 /home/redangel/public_html/btrm/src/Bot/Telegram/Bot.php(115): Bot\Telegram\Bot->knower()
#1 /home/redangel/public_html/btrm/run/telegram/run.php(5): Bot\Telegram\Bot->run('{\n    "update_i...')
#2 {main}
  thrown in /home/redangel/public_html/btrm/src/Bot/Telegram/Bot.php on line 202

Fatal error: Uncaught Error: Call to a member function prepare() on null in /home/redangel/public_html/btrm/src/Bot/Telegram/Bot.php:202
Stack trace:
#0 /home/redangel/public_html/btrm/src/Bot/Telegram/Bot.php(115): Bot\Telegram\Bot->knower()
#1 /home/redangel/public_html/btrm/run/telegram/run.php(5): Bot\Telegram\Bot->run('{\n    "update_i...')
#2 {main}
  thrown in /home/redangel/public_html/btrm/src/Bot/Telegram/Bot.php on line 202
>>>>>>> b4b200cb7462279612db3753eb697b4041033123
